Spark assembly has been built with Hive, including Datanucleus jars on classpath
15/03/30 19:54:31 INFO spark.SparkContext: Spark configuration:
spark.akka.frameSize=10000
spark.akka.retry.wait=30000
spark.akka.timeout=30000
spark.app.name=CDK_vCheckpoint
spark.driver.memory=100g
spark.executor.extraClassPath=/root/ephemeral-hdfs/conf
spark.executor.extraLibraryPath=/root/ephemeral-hdfs/lib/native/
spark.executor.memory=100g
spark.jars=file:/root/clusterWild/target/scala-2.10/clusterwild_2.10-1.0.jar
spark.logConf=true
spark.master=spark://ec2-54-71-140-56.us-west-2.compute.amazonaws.com:7077
spark.storage.blockManagerHeartBeatMs=300000
spark.worker.timeout=30000
15/03/30 19:54:32 INFO spark.SecurityManager: Changing view acls to: root
15/03/30 19:54:32 INFO spark.SecurityManager: Changing modify acls to: root
15/03/30 19:54:32 INFO spark.SecurityManager: SecurityManager: authentication disabled; ui acls disabled; users with view permissions: Set(root); users with modify permissions: Set(root)
15/03/30 19:54:32 INFO slf4j.Slf4jLogger: Slf4jLogger started
15/03/30 19:54:32 INFO Remoting: Starting remoting
15/03/30 19:54:32 INFO Remoting: Remoting started; listening on addresses :[akka.tcp://sparkDriver@ip-10-47-4-131.us-west-2.compute.internal:36640]
15/03/30 19:54:32 INFO util.Utils: Successfully started service 'sparkDriver' on port 36640.
15/03/30 19:54:32 INFO spark.SparkEnv: Registering MapOutputTracker
15/03/30 19:54:32 INFO spark.SparkEnv: Registering BlockManagerMaster
15/03/30 19:54:32 INFO storage.DiskBlockManager: Created local directory at /mnt/spark/spark-3ea80c39-7cf7-45a7-a07c-91e4a2b67e32/spark-baee8863-3daf-46f6-a6fb-a0d788ed8e69
15/03/30 19:54:32 INFO storage.DiskBlockManager: Created local directory at /mnt2/spark/spark-003dcfdf-604c-48ce-9ca1-05807c9ce8ac/spark-217b6df9-23a0-4c3b-992d-5b57173e113a
15/03/30 19:54:32 INFO storage.MemoryStore: MemoryStore started with capacity 51.8 GB
15/03/30 19:54:32 INFO spark.HttpFileServer: HTTP File server directory is /mnt/spark/spark-de073fee-2160-46f5-809b-16f88e5dd569/spark-b18c0a7b-76f3-42a6-8c03-934c83627995
15/03/30 19:54:32 INFO spark.HttpServer: Starting HTTP Server
15/03/30 19:54:32 INFO server.Server: jetty-8.y.z-SNAPSHOT
15/03/30 19:54:32 INFO server.AbstractConnector: Started SocketConnector@0.0.0.0:50132
15/03/30 19:54:32 INFO util.Utils: Successfully started service 'HTTP file server' on port 50132.
15/03/30 19:54:32 INFO server.Server: jetty-8.y.z-SNAPSHOT
15/03/30 19:54:32 INFO server.AbstractConnector: Started SelectChannelConnector@0.0.0.0:4040
15/03/30 19:54:32 INFO util.Utils: Successfully started service 'SparkUI' on port 4040.
15/03/30 19:54:32 INFO ui.SparkUI: Started SparkUI at http://ec2-54-71-140-56.us-west-2.compute.amazonaws.com:4040
15/03/30 19:54:33 INFO spark.SparkContext: Added JAR file:/root/clusterWild/target/scala-2.10/clusterwild_2.10-1.0.jar at http://10.47.4.131:50132/jars/clusterwild_2.10-1.0.jar with timestamp 1427745273028
15/03/30 19:54:33 INFO client.AppClient$ClientActor: Connecting to master spark://ec2-54-71-140-56.us-west-2.compute.amazonaws.com:7077...
15/03/30 19:54:33 INFO cluster.SparkDeploySchedulerBackend: Connected to Spark cluster with app ID app-20150330195433-0072
15/03/30 19:54:33 INFO client.AppClient$ClientActor: Executor added: app-20150330195433-0072/0 on worker-20150324230444-ip-10-37-133-80.us-west-2.compute.internal-60461 (ip-10-37-133-80.us-west-2.compute.internal:60461) with 32 cores
15/03/30 19:54:33 INFO cluster.SparkDeploySchedulerBackend: Granted executor ID app-20150330195433-0072/0 on hostPort ip-10-37-133-80.us-west-2.compute.internal:60461 with 32 cores, 100.0 GB RAM
15/03/30 19:54:33 INFO client.AppClient$ClientActor: Executor added: app-20150330195433-0072/1 on worker-20150324230444-ip-10-47-2-67.us-west-2.compute.internal-41396 (ip-10-47-2-67.us-west-2.compute.internal:41396) with 32 cores
15/03/30 19:54:33 INFO cluster.SparkDeploySchedulerBackend: Granted executor ID app-20150330195433-0072/1 on hostPort ip-10-47-2-67.us-west-2.compute.internal:41396 with 32 cores, 100.0 GB RAM
15/03/30 19:54:33 INFO client.AppClient$ClientActor: Executor added: app-20150330195433-0072/2 on worker-20150324230443-ip-10-33-130-195.us-west-2.compute.internal-44744 (ip-10-33-130-195.us-west-2.compute.internal:44744) with 32 cores
15/03/30 19:54:33 INFO cluster.SparkDeploySchedulerBackend: Granted executor ID app-20150330195433-0072/2 on hostPort ip-10-33-130-195.us-west-2.compute.internal:44744 with 32 cores, 100.0 GB RAM
15/03/30 19:54:33 INFO client.AppClient$ClientActor: Executor added: app-20150330195433-0072/3 on worker-20150324230444-ip-10-40-128-78.us-west-2.compute.internal-49226 (ip-10-40-128-78.us-west-2.compute.internal:49226) with 32 cores
15/03/30 19:54:33 INFO cluster.SparkDeploySchedulerBackend: Granted executor ID app-20150330195433-0072/3 on hostPort ip-10-40-128-78.us-west-2.compute.internal:49226 with 32 cores, 100.0 GB RAM
15/03/30 19:54:33 INFO client.AppClient$ClientActor: Executor added: app-20150330195433-0072/4 on worker-20150324230444-ip-10-43-130-211.us-west-2.compute.internal-32961 (ip-10-43-130-211.us-west-2.compute.internal:32961) with 32 cores
15/03/30 19:54:33 INFO cluster.SparkDeploySchedulerBackend: Granted executor ID app-20150330195433-0072/4 on hostPort ip-10-43-130-211.us-west-2.compute.internal:32961 with 32 cores, 100.0 GB RAM
15/03/30 19:54:33 INFO client.AppClient$ClientActor: Executor added: app-20150330195433-0072/5 on worker-20150324230443-ip-10-47-2-168.us-west-2.compute.internal-39495 (ip-10-47-2-168.us-west-2.compute.internal:39495) with 32 cores
15/03/30 19:54:33 INFO cluster.SparkDeploySchedulerBackend: Granted executor ID app-20150330195433-0072/5 on hostPort ip-10-47-2-168.us-west-2.compute.internal:39495 with 32 cores, 100.0 GB RAM
15/03/30 19:54:33 INFO client.AppClient$ClientActor: Executor added: app-20150330195433-0072/6 on worker-20150324230444-ip-10-47-6-87.us-west-2.compute.internal-54528 (ip-10-47-6-87.us-west-2.compute.internal:54528) with 32 cores
15/03/30 19:54:33 INFO cluster.SparkDeploySchedulerBackend: Granted executor ID app-20150330195433-0072/6 on hostPort ip-10-47-6-87.us-west-2.compute.internal:54528 with 32 cores, 100.0 GB RAM
15/03/30 19:54:33 INFO client.AppClient$ClientActor: Executor added: app-20150330195433-0072/7 on worker-20150324230444-ip-10-34-9-130.us-west-2.compute.internal-39448 (ip-10-34-9-130.us-west-2.compute.internal:39448) with 32 cores
15/03/30 19:54:33 INFO cluster.SparkDeploySchedulerBackend: Granted executor ID app-20150330195433-0072/7 on hostPort ip-10-34-9-130.us-west-2.compute.internal:39448 with 32 cores, 100.0 GB RAM
15/03/30 19:54:33 INFO client.AppClient$ClientActor: Executor added: app-20150330195433-0072/8 on worker-20150324230444-ip-10-37-140-220.us-west-2.compute.internal-53307 (ip-10-37-140-220.us-west-2.compute.internal:53307) with 32 cores
15/03/30 19:54:33 INFO cluster.SparkDeploySchedulerBackend: Granted executor ID app-20150330195433-0072/8 on hostPort ip-10-37-140-220.us-west-2.compute.internal:53307 with 32 cores, 100.0 GB RAM
15/03/30 19:54:33 INFO client.AppClient$ClientActor: Executor added: app-20150330195433-0072/9 on worker-20150324230444-ip-10-43-137-38.us-west-2.compute.internal-56970 (ip-10-43-137-38.us-west-2.compute.internal:56970) with 32 cores
15/03/30 19:54:33 INFO cluster.SparkDeploySchedulerBackend: Granted executor ID app-20150330195433-0072/9 on hostPort ip-10-43-137-38.us-west-2.compute.internal:56970 with 32 cores, 100.0 GB RAM
15/03/30 19:54:33 INFO client.AppClient$ClientActor: Executor added: app-20150330195433-0072/10 on worker-20150324230444-ip-10-47-2-196.us-west-2.compute.internal-34095 (ip-10-47-2-196.us-west-2.compute.internal:34095) with 32 cores
15/03/30 19:54:33 INFO cluster.SparkDeploySchedulerBackend: Granted executor ID app-20150330195433-0072/10 on hostPort ip-10-47-2-196.us-west-2.compute.internal:34095 with 32 cores, 100.0 GB RAM
15/03/30 19:54:33 INFO client.AppClient$ClientActor: Executor added: app-20150330195433-0072/11 on worker-20150324230444-ip-10-47-4-72.us-west-2.compute.internal-44655 (ip-10-47-4-72.us-west-2.compute.internal:44655) with 32 cores
15/03/30 19:54:33 INFO cluster.SparkDeploySchedulerBackend: Granted executor ID app-20150330195433-0072/11 on hostPort ip-10-47-4-72.us-west-2.compute.internal:44655 with 32 cores, 100.0 GB RAM
15/03/30 19:54:33 INFO client.AppClient$ClientActor: Executor added: app-20150330195433-0072/12 on worker-20150324230444-ip-10-34-136-156.us-west-2.compute.internal-49197 (ip-10-34-136-156.us-west-2.compute.internal:49197) with 32 cores
15/03/30 19:54:33 INFO cluster.SparkDeploySchedulerBackend: Granted executor ID app-20150330195433-0072/12 on hostPort ip-10-34-136-156.us-west-2.compute.internal:49197 with 32 cores, 100.0 GB RAM
15/03/30 19:54:33 INFO client.AppClient$ClientActor: Executor added: app-20150330195433-0072/13 on worker-20150324230444-ip-10-43-128-4.us-west-2.compute.internal-60182 (ip-10-43-128-4.us-west-2.compute.internal:60182) with 32 cores
15/03/30 19:54:33 INFO cluster.SparkDeploySchedulerBackend: Granted executor ID app-20150330195433-0072/13 on hostPort ip-10-43-128-4.us-west-2.compute.internal:60182 with 32 cores, 100.0 GB RAM
15/03/30 19:54:33 INFO client.AppClient$ClientActor: Executor added: app-20150330195433-0072/14 on worker-20150324230444-ip-10-47-6-46.us-west-2.compute.internal-51169 (ip-10-47-6-46.us-west-2.compute.internal:51169) with 32 cores
15/03/30 19:54:33 INFO cluster.SparkDeploySchedulerBackend: Granted executor ID app-20150330195433-0072/14 on hostPort ip-10-47-6-46.us-west-2.compute.internal:51169 with 32 cores, 100.0 GB RAM
15/03/30 19:54:33 INFO client.AppClient$ClientActor: Executor added: app-20150330195433-0072/15 on worker-20150324230444-ip-10-43-128-142.us-west-2.compute.internal-58814 (ip-10-43-128-142.us-west-2.compute.internal:58814) with 32 cores
15/03/30 19:54:33 INFO cluster.SparkDeploySchedulerBackend: Granted executor ID app-20150330195433-0072/15 on hostPort ip-10-43-128-142.us-west-2.compute.internal:58814 with 32 cores, 100.0 GB RAM
15/03/30 19:54:33 INFO client.AppClient$ClientActor: Executor added: app-20150330195433-0072/16 on worker-20150324230444-ip-10-43-128-66.us-west-2.compute.internal-34398 (ip-10-43-128-66.us-west-2.compute.internal:34398) with 32 cores
15/03/30 19:54:33 INFO cluster.SparkDeploySchedulerBackend: Granted executor ID app-20150330195433-0072/16 on hostPort ip-10-43-128-66.us-west-2.compute.internal:34398 with 32 cores, 100.0 GB RAM
15/03/30 19:54:33 INFO client.AppClient$ClientActor: Executor added: app-20150330195433-0072/17 on worker-20150324230444-ip-10-33-7-18.us-west-2.compute.internal-55388 (ip-10-33-7-18.us-west-2.compute.internal:55388) with 32 cores
15/03/30 19:54:33 INFO cluster.SparkDeploySchedulerBackend: Granted executor ID app-20150330195433-0072/17 on hostPort ip-10-33-7-18.us-west-2.compute.internal:55388 with 32 cores, 100.0 GB RAM
15/03/30 19:54:33 INFO client.AppClient$ClientActor: Executor added: app-20150330195433-0072/18 on worker-20150324230444-ip-10-205-131-47.us-west-2.compute.internal-44910 (ip-10-205-131-47.us-west-2.compute.internal:44910) with 32 cores
15/03/30 19:54:33 INFO cluster.SparkDeploySchedulerBackend: Granted executor ID app-20150330195433-0072/18 on hostPort ip-10-205-131-47.us-west-2.compute.internal:44910 with 32 cores, 100.0 GB RAM
15/03/30 19:54:33 INFO client.AppClient$ClientActor: Executor added: app-20150330195433-0072/19 on worker-20150324230444-ip-10-47-4-108.us-west-2.compute.internal-41389 (ip-10-47-4-108.us-west-2.compute.internal:41389) with 32 cores
15/03/30 19:54:33 INFO cluster.SparkDeploySchedulerBackend: Granted executor ID app-20150330195433-0072/19 on hostPort ip-10-47-4-108.us-west-2.compute.internal:41389 with 32 cores, 100.0 GB RAM
15/03/30 19:54:33 INFO client.AppClient$ClientActor: Executor updated: app-20150330195433-0072/0 is now LOADING
15/03/30 19:54:33 INFO client.AppClient$ClientActor: Executor updated: app-20150330195433-0072/1 is now LOADING
15/03/30 19:54:33 INFO client.AppClient$ClientActor: Executor updated: app-20150330195433-0072/3 is now LOADING
15/03/30 19:54:33 INFO client.AppClient$ClientActor: Executor updated: app-20150330195433-0072/2 is now LOADING
15/03/30 19:54:33 INFO client.AppClient$ClientActor: Executor updated: app-20150330195433-0072/11 is now LOADING
15/03/30 19:54:33 INFO client.AppClient$ClientActor: Executor updated: app-20150330195433-0072/9 is now LOADING
15/03/30 19:54:33 INFO client.AppClient$ClientActor: Executor updated: app-20150330195433-0072/6 is now LOADING
15/03/30 19:54:33 INFO client.AppClient$ClientActor: Executor updated: app-20150330195433-0072/10 is now LOADING
15/03/30 19:54:33 INFO client.AppClient$ClientActor: Executor updated: app-20150330195433-0072/4 is now LOADING
15/03/30 19:54:33 INFO client.AppClient$ClientActor: Executor updated: app-20150330195433-0072/5 is now LOADING
15/03/30 19:54:33 INFO client.AppClient$ClientActor: Executor updated: app-20150330195433-0072/7 is now LOADING
15/03/30 19:54:33 INFO client.AppClient$ClientActor: Executor updated: app-20150330195433-0072/13 is now LOADING
15/03/30 19:54:33 INFO client.AppClient$ClientActor: Executor updated: app-20150330195433-0072/8 is now LOADING
15/03/30 19:54:33 INFO client.AppClient$ClientActor: Executor updated: app-20150330195433-0072/14 is now LOADING
15/03/30 19:54:33 INFO client.AppClient$ClientActor: Executor updated: app-20150330195433-0072/15 is now LOADING
15/03/30 19:54:33 INFO client.AppClient$ClientActor: Executor updated: app-20150330195433-0072/12 is now LOADING
15/03/30 19:54:33 INFO client.AppClient$ClientActor: Executor updated: app-20150330195433-0072/17 is now LOADING
15/03/30 19:54:33 INFO client.AppClient$ClientActor: Executor updated: app-20150330195433-0072/18 is now LOADING
15/03/30 19:54:33 INFO client.AppClient$ClientActor: Executor updated: app-20150330195433-0072/16 is now LOADING
15/03/30 19:54:33 INFO client.AppClient$ClientActor: Executor updated: app-20150330195433-0072/19 is now LOADING
15/03/30 19:54:33 INFO client.AppClient$ClientActor: Executor updated: app-20150330195433-0072/0 is now RUNNING
15/03/30 19:54:33 INFO client.AppClient$ClientActor: Executor updated: app-20150330195433-0072/1 is now RUNNING
15/03/30 19:54:33 INFO client.AppClient$ClientActor: Executor updated: app-20150330195433-0072/2 is now RUNNING
15/03/30 19:54:33 INFO client.AppClient$ClientActor: Executor updated: app-20150330195433-0072/3 is now RUNNING
15/03/30 19:54:33 INFO client.AppClient$ClientActor: Executor updated: app-20150330195433-0072/4 is now RUNNING
15/03/30 19:54:33 INFO client.AppClient$ClientActor: Executor updated: app-20150330195433-0072/5 is now RUNNING
15/03/30 19:54:33 INFO client.AppClient$ClientActor: Executor updated: app-20150330195433-0072/6 is now RUNNING
15/03/30 19:54:33 INFO client.AppClient$ClientActor: Executor updated: app-20150330195433-0072/7 is now RUNNING
15/03/30 19:54:33 INFO client.AppClient$ClientActor: Executor updated: app-20150330195433-0072/8 is now RUNNING
15/03/30 19:54:33 INFO client.AppClient$ClientActor: Executor updated: app-20150330195433-0072/9 is now RUNNING
15/03/30 19:54:33 INFO client.AppClient$ClientActor: Executor updated: app-20150330195433-0072/10 is now RUNNING
15/03/30 19:54:33 INFO client.AppClient$ClientActor: Executor updated: app-20150330195433-0072/11 is now RUNNING
15/03/30 19:54:33 INFO client.AppClient$ClientActor: Executor updated: app-20150330195433-0072/12 is now RUNNING
15/03/30 19:54:33 INFO client.AppClient$ClientActor: Executor updated: app-20150330195433-0072/13 is now RUNNING
15/03/30 19:54:33 INFO client.AppClient$ClientActor: Executor updated: app-20150330195433-0072/14 is now RUNNING
15/03/30 19:54:33 INFO client.AppClient$ClientActor: Executor updated: app-20150330195433-0072/15 is now RUNNING
15/03/30 19:54:33 INFO client.AppClient$ClientActor: Executor updated: app-20150330195433-0072/16 is now RUNNING
15/03/30 19:54:33 INFO client.AppClient$ClientActor: Executor updated: app-20150330195433-0072/17 is now RUNNING
15/03/30 19:54:33 INFO client.AppClient$ClientActor: Executor updated: app-20150330195433-0072/18 is now RUNNING
15/03/30 19:54:33 INFO client.AppClient$ClientActor: Executor updated: app-20150330195433-0072/19 is now RUNNING
15/03/30 19:54:33 INFO netty.NettyBlockTransferService: Server created on 47379
15/03/30 19:54:33 INFO storage.BlockManagerMaster: Trying to register BlockManager
15/03/30 19:54:33 INFO storage.BlockManagerMasterActor: Registering block manager ip-10-47-4-131.us-west-2.compute.internal:47379 with 51.8 GB RAM, BlockManagerId(<driver>, ip-10-47-4-131.us-west-2.compute.internal, 47379)
15/03/30 19:54:33 INFO storage.BlockManagerMaster: Registered BlockManager
15/03/30 19:54:33 INFO cluster.SparkDeploySchedulerBackend: SchedulerBackend is ready for scheduling beginning after reached minRegisteredResourcesRatio: 0.0
graphType      = file
rMatNumEdges   = 100000000
path           = /astro.edges
numPartitions  = 640
epsilon        = 0.5
checkpointIter = 20
15/03/30 19:54:33 WARN snappy.LoadSnappy: Snappy native library is available
Graph has 18772 vertices (640 partitions),396160 edges (640 partitions),eps = 0.5
qq	0	1002	5	23573	
qq	1	998	10	23026	
qq	2	826	8	22337	
qq	3	804	5	22126	
qq	4	792	11	23651	
qq	5	778	18	27194	
qq	6	694	12	30016	
qq	7	674	17	35240	
qq	8	670	13	29933	
qq	9	662	14	36812	
qq	10	624	12	35665	
qq	11	622	11	40996	
qq	12	560	16	39470	
qq	13	560	11	48201	
qq	14	542	17	49509	
qq	15	536	18	51463	
qq	16	526	16	56774	
qq	17	292	15	59498	
qq	18	270	26	68656	
qq	19	258	31	82094	
qq	20	258	38	15914	
qq	21	258	21	16591	
qq	22	248	22	17698	
qq	23	248	29	19481	
qq	24	248	27	19701	
qq	25	246	21	23497	
qq	26	246	30	24216	
qq	27	246	28	24281	
qq	28	194	23	26424	
qq	29	164	35	27235	
qq	30	164	33	32183	
qq	31	164	37	32489	
qq	32	160	34	38949	
qq	33	156	37	37121	
qq	34	156	34	46631	
qq	35	156	32	45709	
qq	36	142	36	50321	
qq	37	118	35	50569	
qq	38	118	40	61396	
Warning: $HADOOP_HOME is deprecated.

Deleted hdfs://ec2-54-71-140-56.us-west-2.compute.amazonaws.com:9000/mnt/checkpoints/19
qq	39	118	45	74547	
qq	40	102	37	14946	
qq	41	92	49	17417	
qq	42	82	69	13838	
qq	43	76	56	18861	
qq	44	68	60	17369	
qq	45	68	72	25097	
qq	46	68	64	22576	
qq	47	58	61	23427	
qq	48	40	69	25318	
qq	49	38	106	26678	
qq	50	38	95	31408	
qq	51	38	95	35775	
qq	52	38	79	38735	
qq	53	38	97	39914	
qq	54	38	87	42234	
qq	55	36	95	48309	
qq	56	36	87	51009	
qq	57	36	75	54917	
qq	58	36	69	60481	
Warning: $HADOOP_HOME is deprecated.

Deleted hdfs://ec2-54-71-140-56.us-west-2.compute.amazonaws.com:9000/mnt/checkpoints/39
qq	59	30	80	77195	
qq	60	28	83	17983	
qq	61	28	86	16646	
qq	62	28	82	19789	
qq	63	28	93	19768	
qq	64	28	79	19458	
qq	65	28	78	19452	
qq	66	28	62	22671	
qq	67	28	65	25656	
qq	68	22	55	24824	
qq	69	22	100	28839	
qq	70	22	84	30552	
qq	71	22	71	32291	
qq	72	22	78	37724	
qq	73	22	79	41684	
qq	74	16	51	43949	
qq	75	14	88	48280	
qq	76	14	88	52338	
qq	77	12	105	55571	
qq	78	12	77	61205	
Warning: $HADOOP_HOME is deprecated.

Deleted hdfs://ec2-54-71-140-56.us-west-2.compute.amazonaws.com:9000/mnt/checkpoints/59
qq	79	12	97	77424	
qq	80	12	97	16166	
qq	81	10	88	18002	
qq	82	10	89	15774	
qq	83	8	84	21391	
qq	84	6	91	19824	
qq	85	6	118	26871	
qq	86	6	115	24379	
qq	87	6	99	23448	
qq	88	6	100	28126	
qq	89	6	69	27527	
qq	90	4	76	30851	
qq	91	2	90	35107	
qq	92	2	175	35609	
qq	93	2	124	41030	
qq	94	2	89	44479	
qq	95	2	62	48205	
qq	96	2	37	50312	
qq	97	2	31	54931	
qq	98	2	27	62877	
Warning: $HADOOP_HOME is deprecated.

Deleted hdfs://ec2-54-71-140-56.us-west-2.compute.amazonaws.com:9000/mnt/checkpoints/79
qq	99	2	13	75296	
qq	100	2	16	16479	
qq	101	0	20	17389	
643890
Warning: $HADOOP_HOME is deprecated.

Deleted hdfs://ec2-54-71-140-56.us-west-2.compute.amazonaws.com:9000/mnt/checkpoints
()